<?xml version="1.0" encoding="UTF-8"?>
<testng-results total="1" passed="1" failed="0" skipped="0">
  <reporter-output>
  </reporter-output>
  <suite started-at="2024-07-17T14:01:57Z" name="Default suite" finished-at="2024-07-17T14:02:23Z" duration-ms="25612">
    <groups>
    </groups>
    <test started-at="2024-07-17T14:01:57Z" name="Default test" finished-at="2024-07-17T14:02:23Z" duration-ms="25612">
      <class name="com.training.sanity.tests.LoginTest">
        <test-method is-config="true" signature="setUp()[pri:0, instance:com.training.sanity.tests.LoginTest@51e69659]" started-at="2024-07-17T19:31:57Z" name="setUp" finished-at="2024-07-17T19:32:13Z" duration-ms="16312" status="PASS">
          <reporter-output>
          </reporter-output>
        </test-method> <!-- setUp -->
        <test-method signature="loginPassTest()[pri:0, instance:com.training.sanity.tests.LoginTest@51e69659]" started-at="2024-07-17T19:32:13Z" name="loginPassTest" finished-at="2024-07-17T19:32:17Z" duration-ms="3211" status="PASS">
          <reporter-output>
          </reporter-output>
        </test-method> <!-- loginPassTest -->
        <test-method is-config="true" signature="tearDown()[pri:0, instance:com.training.sanity.tests.LoginTest@51e69659]" started-at="2024-07-17T19:32:17Z" name="tearDown" finished-at="2024-07-17T19:32:23Z" duration-ms="6068" status="PASS">
          <reporter-output>
          </reporter-output>
        </test-method> <!-- tearDown -->
      </class> <!-- com.training.sanity.tests.LoginTest -->
    </test> <!-- Default test -->
  </suite> <!-- Default suite -->
</testng-results>
